<?xml version="1.0" encoding="UTF-8"?>
<!-- Generated by org.testng.reporters.JUnitXMLReporter -->
<testsuite ignored="1" hostname="SHIVA" failures="0" tests="9" name="Surefire test" time="48.921" errors="0" timestamp="2026-05-22T11:48:01 IST">
  <testcase classname="Test.ParabankTest" name="registerTest" time="6.669"/>
  <testcase classname="Test.ParabankTest" name="openaccount" time="2.629"/>
  <testcase classname="Test.ParabankTest" name="verifyaccountsList" time="16.568"/>
  <testcase classname="Test.ParabankTest" name="transferfunds" time="2.304"/>
  <testcase classname="Test.ParabankTest" name="billpay" time="3.192"/>
  <testcase classname="Test.ParabankTest" name="findtransactions" time="7.724"/>
  <testcase classname="Test.ParabankTest" name="updateprofile" time="2.102"/>
  <testcase classname="Test.ParabankTest" name="requestloan" time="1.323"/>
  <testcase classname="Test.ParabankTest" name="logouttest" time="1.543"/>
  <testcase classname="Test.ParabankTest" name="loginTest" time="0.0">
    <ignored/>
  </testcase> <!-- loginTest -->
</testsuite> <!-- Surefire test -->
