<?xml version="1.0" encoding="UTF-8"?>
<testsuite xmlns:xsi="http://www.w3.org/2001/XMLSchema-instance" xsi:noNamespaceSchemaLocation="https://maven.apache.org/surefire/maven-surefire-plugin/xsd/surefire-test-report-3.0.xsd" version="3.0" name="TestSuite" time="50.682" tests="9" errors="0" skipped="0" failures="0">
  <properties>
[...]
</properties>
  <testcase name="registerTest" classname="Test.ParabankTest" time="8.032">
    <system-out><![CDATA[registartion Success Message: Your account was created successfully. You are now logged in.
registration test passed successfully
]]></system-out>
    <system-err><![CDATA[May 22, 2026 11:45:04 AM org.openqa.selenium.devtools.CdpVersionFinder findNearestMatch
WARNING: Unable to find CDP implementation matching 148
May 22, 2026 11:45:04 AM org.openqa.selenium.chromium.ChromiumDriver lambda$new$5
WARNING: Unable to find version of CDP to use for 148.0.7778.178. You may need to include a dependency on a specific version of the CDP using something similar to `org.seleniumhq.selenium:selenium-devtools-v86:4.18.1` where the version ("v86") matches the version of the chromium-based browser you're using and the version number of the artifact is the same as Selenium's.
]]></system-err>
  </testcase>
  <testcase name="openaccount" classname="Test.ParabankTest" time="2.747">
    <system-out><![CDATA[[INFO] Clicked Open New Account link
[INFO] Selected from account at index 0
[INFO] Clicked Open Account button
================================
[INFO] Success Message : Account Opened!
================================
open account worked successfully
[INFO] New Account ID  : 17562
17562
]]></system-out>
  </testcase>
  <testcase name="verifyaccountsList" classname="Test.ParabankTest" time="17.632">
    <system-out><![CDATA[[INFO] Accounts Overview page loaded

======================================================================
  PARABANK — ACCOUNTS OVERVIEW
  Page : Accounts Overview
======================================================================
  Account ID      Balance              Available Amount    
----------------------------------------------------------------------
  17451           $415.50              $415.50             
  17562           $100.00              $100.00             
----------------------------------------------------------------------
  TOTAL           N/A                 
  Total Accounts : 2
======================================================================

]]></system-out>
    <system-err><![CDATA[[WARN] Total balance element not found.
]]></system-err>
  </testcase>
  <testcase name="transferfunds" classname="Test.ParabankTest" time="2.48">
    <system-out><![CDATA[[INFO] Transfer funds page fully loaded
[INFO] Result message: Transfer Complete!
Transfer Complete!
transfer funds functionality working properly
]]></system-out>
  </testcase>
  <testcase name="billpay" classname="Test.ParabankTest" time="2.425">
    <system-out><![CDATA[ Bill Pay page fully loaded
]]></system-out>
  </testcase>
  <testcase name="findtransactions" classname="Test.ParabankTest" time="5.587">
    <system-out><![CDATA[2026-05-22 11:45:40 [main] INFO  Page.FindTransactionspage - FindTransactionsPage initialized
2026-05-22 11:45:40 [main] INFO  Page.FindTransactionspage - Opening Find Transactions page
[INFO] Clicked Find Transactions link
[INFO] Find Transactions page fully loaded
[INFO] Selected account: 17451
[INFO] Selected account: 17451
[INFO] Entered transaction date: 01-01-2024
[INFO] Clicked Find by Date button
[INFO] Results loaded after Find by Date

================================================================================
  FIND TRANSACTIONS — RESULTS
================================================================================
  Date            Description          Debit                Credit         
--------------------------------------------------------------------------------
  No transactions found.
--------------------------------------------------------------------------------
  Total Transactions : 0
================================================================================

2026-05-22 11:45:42 [main] INFO  Page.FindTransactionspage - Transaction search completed
[INFO] Page refreshed
[INFO] Find Transactions page fully loaded
[INFO] Selected account: 17451
[INFO] Entered from date: 01-01-2024
[INFO] Entered to date: 12-31-2024
[INFO] Clicked Find by Date Range button
2026-05-22 11:45:43 [main] INFO  Page.FindTransactionspage - Clicking Find Transactions button
[INFO] Transaction results loaded

================================================================================
  FIND TRANSACTIONS — RESULTS
================================================================================
  Date            Description          Debit                Credit         
--------------------------------------------------------------------------------
  No transactions found.
--------------------------------------------------------------------------------
  Total Transactions : 0
================================================================================

2026-05-22 11:45:43 [main] INFO  Page.FindTransactionspage - Transaction search completed
[INFO] Page refreshed
[INFO] Find Transactions page fully loaded
[INFO] Selected account: 17451
[INFO] Results loaded after Find by Amount

================================================================================
  FIND TRANSACTIONS — RESULTS
================================================================================
  Date            Description          Debit                Credit         
--------------------------------------------------------------------------------
  05-22-2026      Funds Transfer Sent  $10.00                              
  05-22-2026      Funds Transfer Received                      $10.00         
--------------------------------------------------------------------------------
  Total Transactions : 2
================================================================================

2026-05-22 11:45:45 [main] INFO  Page.FindTransactionspage - Transaction search completed
[INFO] Page refreshed
[INFO] Find Transactions page fully loaded
Find Transactions working properly
]]></system-out>
  </testcase>
  <testcase name="updateprofile" classname="Test.ParabankTest" time="1.782">
    <system-out><![CDATA[update contact info field working properly
]]></system-out>
  </testcase>
  <testcase name="requestloan" classname="Test.ParabankTest" time="1.788">
    <system-out><![CDATA[result is Congratulations, your loan has been approved.
request loan module working properly
]]></system-out>
  </testcase>
  <testcase name="logouttest" classname="Test.ParabankTest" time="1.142">
    <system-out><![CDATA[logout test passed sucessfully
]]></system-out>
  </testcase>
</testsuite>