<?xml version="1.0" encoding="UTF-8"?>
<testsuite xmlns:xsi="http://www.w3.org/2001/XMLSchema-instance" xsi:noNamespaceSchemaLocation="https://maven.apache.org/surefire/maven-surefire-plugin/xsd/surefire-test-report-3.0.xsd" version="3.0" name="Test.RegisterTest" time="30.261" tests="3" errors="0" skipped="0" failures="0">
  <properties>
[...]
</properties>
  <testcase name="registerTest" classname="Test.RegisterTest" time="6.742">
    <system-out><![CDATA[registartion Success Message: Your account was created successfully. You are now logged in.
registration test passed successfully
]]></system-out>
    <system-err><![CDATA[SLF4J(W): No SLF4J providers were found.
SLF4J(W): Defaulting to no-operation (NOP) logger implementation
SLF4J(W): See https://www.slf4j.org/codes.html#noProviders for further details.
Mar 23, 2026 2:27:41 PM org.openqa.selenium.devtools.CdpVersionFinder findNearestMatch
WARNING: Unable to find CDP implementation matching 146
Mar 23, 2026 2:27:41 PM org.openqa.selenium.chromium.ChromiumDriver lambda$new$5
WARNING: Unable to find version of CDP to use for 146.0.7680.154. You may need to include a dependency on a specific version of the CDP using something similar to `org.seleniumhq.selenium:selenium-devtools-v86:4.18.1` where the version ("v86") matches the version of the chromium-based browser you're using and the version number of the artifact is the same as Selenium's.
]]></system-err>
  </testcase>
  <testcase name="openaccount" classname="Test.RegisterTest" time="2.349">
    <system-out><![CDATA[[INFO] Clicked Open New Account link
[INFO] Selected from account at index 0
[INFO] Clicked Open Account button
================================
[INFO] Success Message : Account Opened!
================================
open account worked successfully
[INFO] New Account ID  : 35100
35100
]]></system-out>
  </testcase>
  <testcase name="verifyaccountsList" classname="Test.RegisterTest" time="16.537">
    <system-out><![CDATA[[INFO] Accounts Overview page loaded

======================================================================
  PARABANK — ACCOUNTS OVERVIEW
  Page : Accounts Overview
======================================================================
  Account ID      Balance              Available Amount    
----------------------------------------------------------------------
  34989           $415.50              $415.50             
  35100           $100.00              $100.00             
----------------------------------------------------------------------
  TOTAL           N/A                 
  Total Accounts : 2
======================================================================

]]></system-out>
    <system-err><![CDATA[[WARN] Total balance element not found.
]]></system-err>
  </testcase>
</testsuite>