<?xml version="1.0" encoding="UTF-8"?>
<testng-results ignored="0" total="9" passed="9" failed="0" skipped="0">
  <reporter-output>
  </reporter-output>
  <suite started-at="2026-05-22T11:47:12 IST" name="Surefire suite" finished-at="2026-05-22T11:48:01 IST" duration-ms="48921">
    <groups>
    </groups>
    <test started-at="2026-05-22T11:47:12 IST" name="Surefire test" finished-at="2026-05-22T11:48:01 IST" duration-ms="48921">
      <class name="Test.ParabankTest">
        <test-method is-config="true" signature="setup()[pri:0, instance:Test.ParabankTest@2a02e34b]" started-at="2026-05-22T11:47:12 IST" name="setup" finished-at="2026-05-22T11:47:16 IST" duration-ms="4416" status="PASS">
          <reporter-output>
          </reporter-output>
        </test-method> <!-- setup -->
        <test-method signature="registerTest()[pri:1, instance:Test.ParabankTest@2a02e34b]" started-at="2026-05-22T11:47:16 IST" name="registerTest" finished-at="2026-05-22T11:47:23 IST" duration-ms="6669" status="PASS">
          <reporter-output>
          </reporter-output>
        </test-method> <!-- registerTest -->
        <test-method signature="openaccount()[pri:2, instance:Test.ParabankTest@2a02e34b]" started-at="2026-05-22T11:47:23 IST" name="openaccount" finished-at="2026-05-22T11:47:26 IST" duration-ms="2629" status="PASS">
          <reporter-output>
          </reporter-output>
        </test-method> <!-- openaccount -->
        <test-method signature="verifyaccountsList()[pri:3, instance:Test.ParabankTest@2a02e34b]" started-at="2026-05-22T11:47:26 IST" name="verifyaccountsList" finished-at="2026-05-22T11:47:42 IST" depends-on-methods="Test.ParabankTest.registerTest" duration-ms="16568" status="PASS">
          <reporter-output>
          </reporter-output>
        </test-method> <!-- verifyaccountsList -->
        <test-method signature="transferfunds()[pri:4, instance:Test.ParabankTest@2a02e34b]" started-at="2026-05-22T11:47:42 IST" name="transferfunds" finished-at="2026-05-22T11:47:45 IST" duration-ms="2304" status="PASS">
          <reporter-output>
          </reporter-output>
        </test-method> <!-- transferfunds -->
        <test-method signature="billpay()[pri:5, instance:Test.ParabankTest@2a02e34b]" started-at="2026-05-22T11:47:45 IST" name="billpay" finished-at="2026-05-22T11:47:48 IST" duration-ms="3192" status="PASS">
          <reporter-output>
          </reporter-output>
        </test-method> <!-- billpay -->
        <test-method signature="findtransactions()[pri:6, instance:Test.ParabankTest@2a02e34b]" started-at="2026-05-22T11:47:48 IST" name="findtransactions" finished-at="2026-05-22T11:47:56 IST" duration-ms="7724" status="PASS">
          <reporter-output>
          </reporter-output>
        </test-method> <!-- findtransactions -->
        <test-method signature="updateprofile()[pri:7, instance:Test.ParabankTest@2a02e34b]" started-at="2026-05-22T11:47:56 IST" name="updateprofile" finished-at="2026-05-22T11:47:58 IST" duration-ms="2102" status="PASS">
          <reporter-output>
          </reporter-output>
        </test-method> <!-- updateprofile -->
        <test-method signature="requestloan()[pri:8, instance:Test.ParabankTest@2a02e34b]" started-at="2026-05-22T11:47:58 IST" name="requestloan" finished-at="2026-05-22T11:47:59 IST" duration-ms="1323" status="PASS">
          <reporter-output>
          </reporter-output>
        </test-method> <!-- requestloan -->
        <test-method signature="logouttest()[pri:9, instance:Test.ParabankTest@2a02e34b]" started-at="2026-05-22T11:47:59 IST" name="logouttest" finished-at="2026-05-22T11:48:01 IST" duration-ms="1543" status="PASS">
          <reporter-output>
          </reporter-output>
        </test-method> <!-- logouttest -->
        <test-method is-config="true" signature="tearDown()[pri:0, instance:Test.ParabankTest@2a02e34b]" started-at="2026-05-22T11:48:01 IST" name="tearDown" finished-at="2026-05-22T11:48:01 IST" duration-ms="247" status="PASS">
          <reporter-output>
          </reporter-output>
        </test-method> <!-- tearDown -->
      </class> <!-- Test.ParabankTest -->
    </test> <!-- Surefire test -->
  </suite> <!-- Surefire suite -->
</testng-results>
