<?xml version="1.0" encoding="UTF-8"?>
<testng-results ignored="0" total="3" passed="3" failed="0" skipped="0">
  <reporter-output>
  </reporter-output>
  <suite started-at="2026-03-23T14:27:39 IST" name="Surefire suite" finished-at="2026-03-23T14:28:09 IST" duration-ms="29809">
    <groups>
    </groups>
    <test started-at="2026-03-23T14:27:39 IST" name="Surefire test" finished-at="2026-03-23T14:28:09 IST" duration-ms="29809">
      <class name="Test.RegisterTest">
        <test-method is-config="true" signature="setup()[pri:0, instance:Test.RegisterTest@1a0dcaa]" started-at="2026-03-23T14:27:39 IST" name="setup" finished-at="2026-03-23T14:27:43 IST" duration-ms="3785" status="PASS">
          <reporter-output>
          </reporter-output>
        </test-method> <!-- setup -->
        <test-method signature="registerTest()[pri:1, instance:Test.RegisterTest@1a0dcaa]" started-at="2026-03-23T14:27:43 IST" name="registerTest" finished-at="2026-03-23T14:27:50 IST" duration-ms="6745" status="PASS">
          <reporter-output>
          </reporter-output>
        </test-method> <!-- registerTest -->
        <test-method signature="openaccount()[pri:2, instance:Test.RegisterTest@1a0dcaa]" started-at="2026-03-23T14:27:50 IST" name="openaccount" finished-at="2026-03-23T14:27:52 IST" duration-ms="2360" status="PASS">
          <reporter-output>
          </reporter-output>
        </test-method> <!-- openaccount -->
        <test-method signature="verifyaccountsList()[pri:3, instance:Test.RegisterTest@1a0dcaa]" started-at="2026-03-23T14:27:52 IST" name="verifyaccountsList" finished-at="2026-03-23T14:28:09 IST" depends-on-methods="Test.RegisterTest.registerTest" duration-ms="16537" status="PASS">
          <reporter-output>
          </reporter-output>
        </test-method> <!-- verifyaccountsList -->
        <test-method is-config="true" signature="tearDown()[pri:0, instance:Test.RegisterTest@1a0dcaa]" started-at="2026-03-23T14:28:09 IST" name="tearDown" finished-at="2026-03-23T14:28:09 IST" duration-ms="351" status="PASS">
          <reporter-output>
          </reporter-output>
        </test-method> <!-- tearDown -->
      </class> <!-- Test.RegisterTest -->
    </test> <!-- Surefire test -->
  </suite> <!-- Surefire suite -->
</testng-results>
