<?xml version="1.0" encoding="UTF-8"?>
<testsuite xmlns:xsi="http://www.w3.org/2001/XMLSchema-instance" xsi:noNamespaceSchemaLocation="https://maven.apache.org/surefire/maven-surefire-plugin/xsd/surefire-test-report-3.0.xsd" version="3.0" name="TestSuite" time="68.411" tests="9" errors="0" skipped="0" failures="1">
  <properties>
[...]
</properties>
  <testcase name="registerTest" classname="Test.ParabankTest" time="8.703">
    <system-out><![CDATA[registartion Success Message: Your account was created successfully. You are now logged in.
registration test passed successfully
]]></system-out>
    <system-err><![CDATA[SLF4J(W): No SLF4J providers were found.
SLF4J(W): Defaulting to no-operation (NOP) logger implementation
SLF4J(W): See https://www.slf4j.org/codes.html#noProviders for further details.
May 22, 2026 9:52:12 AM org.openqa.selenium.devtools.CdpVersionFinder findNearestMatch
WARNING: Unable to find CDP implementation matching 148
May 22, 2026 9:52:12 AM org.openqa.selenium.chromium.ChromiumDriver lambda$new$5
WARNING: Unable to find version of CDP to use for 148.0.7778.178. You may need to include a dependency on a specific version of the CDP using something similar to `org.seleniumhq.selenium:selenium-devtools-v86:4.18.1` where the version ("v86") matches the version of the chromium-based browser you're using and the version number of the artifact is the same as Selenium's.
]]></system-err>
  </testcase>
  <testcase name="openaccount" classname="Test.ParabankTest" time="2.201">
    <system-out><![CDATA[[INFO] Clicked Open New Account link
[INFO] Selected from account at index 0
[INFO] Clicked Open Account button
================================
[INFO] Success Message : Account Opened!
================================
open account worked successfully
[INFO] New Account ID  : 17340
17340
]]></system-out>
  </testcase>
  <testcase name="verifyaccountsList" classname="Test.ParabankTest" time="16.479">
    <system-out><![CDATA[[INFO] Accounts Overview page loaded

======================================================================
  PARABANK — ACCOUNTS OVERVIEW
  Page : Accounts Overview
======================================================================
  Account ID      Balance              Available Amount    
----------------------------------------------------------------------
  17229           $415.50              $415.50             
  17340           $100.00              $100.00             
----------------------------------------------------------------------
  TOTAL           N/A                 
  Total Accounts : 2
======================================================================

]]></system-out>
    <system-err><![CDATA[[WARN] Total balance element not found.
]]></system-err>
  </testcase>
  <testcase name="transferfunds" classname="Test.ParabankTest" time="1.977">
    <system-out><![CDATA[[INFO] Transfer funds page fully loaded
[INFO] Result message: Transfer Complete!
Transfer Complete!
transfer funds functionality working properly
]]></system-out>
  </testcase>
  <testcase name="billpay" classname="Test.ParabankTest" time="2.654">
    <system-out><![CDATA[ Bill Pay page fully loaded
]]></system-out>
  </testcase>
  <testcase name="findtransactions" classname="Test.ParabankTest" time="7.079">
    <system-out><![CDATA[[INFO] Clicked Find Transactions link
[INFO] Find Transactions page fully loaded
[INFO] Selected account: 17229
[INFO] Selected account: 17229
[INFO] Entered transaction date: 01-01-2024
[INFO] Clicked Find by Date button
[INFO] Results loaded after Find by Date

================================================================================
  FIND TRANSACTIONS — RESULTS
================================================================================
  Date            Description          Debit                Credit         
--------------------------------------------------------------------------------
  No transactions found.
--------------------------------------------------------------------------------
  Total Transactions : 0
================================================================================

[INFO] Page refreshed
[INFO] Find Transactions page fully loaded
[INFO] Selected account: 17229
[INFO] Entered from date: 01-01-2024
[INFO] Entered to date: 12-31-2024
[INFO] Clicked Find by Date Range button
[INFO] Transaction results loaded

================================================================================
  FIND TRANSACTIONS — RESULTS
================================================================================
  Date            Description          Debit                Credit         
--------------------------------------------------------------------------------
  No transactions found.
--------------------------------------------------------------------------------
  Total Transactions : 0
================================================================================

[INFO] Page refreshed
[INFO] Find Transactions page fully loaded
[INFO] Selected account: 17229
[INFO] Results loaded after Find by Amount

================================================================================
  FIND TRANSACTIONS — RESULTS
================================================================================
  Date            Description          Debit                Credit         
--------------------------------------------------------------------------------
  05-22-2026      Funds Transfer Sent  $10.00                              
  05-22-2026      Funds Transfer Received                      $10.00         
--------------------------------------------------------------------------------
  Total Transactions : 2
================================================================================

[INFO] Page refreshed
[INFO] Find Transactions page fully loaded
Find Transactions working properly
]]></system-out>
  </testcase>
  <testcase name="updateprofile" classname="Test.ParabankTest" time="16.667">
    <failure message="Expected condition failed: waiting for visibility of [[ChromeDriver: chrome on windows (d25377be7d7f3fd48101d2cdca0f8b7e)] -&gt; xpath: //p[contains(text(),&apos;Your updated address&apos;)]] (tried for 15 second(s) with 500 milliseconds interval)&#10;Build info: version: &apos;4.18.1&apos;, revision: &apos;b1d3319b48&apos;&#10;System info: os.name: &apos;Windows 11&apos;, os.arch: &apos;amd64&apos;, os.version: &apos;10.0&apos;, java.version: &apos;24.0.2&apos;&#10;Driver info: org.openqa.selenium.chrome.ChromeDriver&#10;Capabilities {acceptInsecureCerts: false, browserName: chrome, browserVersion: 148.0.7778.178, chrome: {chromedriverVersion: 148.0.7778.178 (d096af1c9e9..., userDataDir: C:\Users\HP\AppData\Local\T...}, fedcm:accounts: true, goog:chromeOptions: {debuggerAddress: localhost:2414}, goog:processID: 2500, networkConnectionEnabled: false, pageLoadStrategy: normal, platformName: windows, proxy: Proxy(), se:cdp: ws://localhost:2414/devtool..., se:cdpVersion: 148.0.7778.178, setWindowRect: true, strictFileInteractability: false, timeouts: {implicit: 0, pageLoad: 300000, script: 30000}, unhandledPromptBehavior: dismiss and notify, webauthn:extension:credBlob: true, webauthn:extension:largeBlob: true, webauthn:extension:minPinLength: true, webauthn:extension:prf: true, webauthn:virtualAuthenticators: true}&#10;Session ID: d25377be7d7f3fd48101d2cdca0f8b7e" type="org.openqa.selenium.TimeoutException"><![CDATA[org.openqa.selenium.TimeoutException: 
Expected condition failed: waiting for visibility of [[ChromeDriver: chrome on windows (d25377be7d7f3fd48101d2cdca0f8b7e)] -> xpath: //p[contains(text(),'Your updated address')]] (tried for 15 second(s) with 500 milliseconds interval)
Build info: version: '4.18.1', revision: 'b1d3319b48'
System info: os.name: 'Windows 11', os.arch: 'amd64', os.version: '10.0', java.version: '24.0.2'
Driver info: org.openqa.selenium.chrome.ChromeDriver
Capabilities {acceptInsecureCerts: false, browserName: chrome, browserVersion: 148.0.7778.178, chrome: {chromedriverVersion: 148.0.7778.178 (d096af1c9e9..., userDataDir: C:\Users\HP\AppData\Local\T...}, fedcm:accounts: true, goog:chromeOptions: {debuggerAddress: localhost:2414}, goog:processID: 2500, networkConnectionEnabled: false, pageLoadStrategy: normal, platformName: windows, proxy: Proxy(), se:cdp: ws://localhost:2414/devtool..., se:cdpVersion: 148.0.7778.178, setWindowRect: true, strictFileInteractability: false, timeouts: {implicit: 0, pageLoad: 300000, script: 30000}, unhandledPromptBehavior: dismiss and notify, webauthn:extension:credBlob: true, webauthn:extension:largeBlob: true, webauthn:extension:minPinLength: true, webauthn:extension:prf: true, webauthn:virtualAuthenticators: true}
Session ID: d25377be7d7f3fd48101d2cdca0f8b7e
	at org.openqa.selenium.support.ui.WebDriverWait.timeoutException(WebDriverWait.java:84)
	at org.openqa.selenium.support.ui.FluentWait.until(FluentWait.java:228)
	at Page.UpdateInfoPage.clickupdatebutton(UpdateInfoPage.java:81)
	at Test.ParabankTest.updateprofile(ParabankTest.java:165)
	at java.base/jdk.internal.reflect.DirectMethodHandleAccessor.invoke(DirectMethodHandleAccessor.java:104)
	at java.base/java.lang.reflect.Method.invoke(Method.java:565)
	at org.testng.internal.invokers.MethodInvocationHelper.invokeMethod(MethodInvocationHelper.java:139)
	at org.testng.internal.invokers.TestInvoker.invokeMethod(TestInvoker.java:664)
	at org.testng.internal.invokers.TestInvoker.invokeTestMethod(TestInvoker.java:228)
	at org.testng.internal.invokers.MethodRunner.runInSequence(MethodRunner.java:63)
	at org.testng.internal.invokers.TestInvoker$MethodInvocationAgent.invoke(TestInvoker.java:961)
	at org.testng.internal.invokers.TestInvoker.invokeTestMethods(TestInvoker.java:201)
	at org.testng.internal.invokers.TestMethodWorker.invokeTestMethods(TestMethodWorker.java:148)
	at org.testng.internal.invokers.TestMethodWorker.run(TestMethodWorker.java:128)
	at java.base/java.util.ArrayList.forEach(ArrayList.java:1604)
	at org.testng.TestRunner.privateRun(TestRunner.java:819)
	at org.testng.TestRunner.run(TestRunner.java:619)
	at org.testng.SuiteRunner.runTest(SuiteRunner.java:443)
	at org.testng.SuiteRunner.runSequentially(SuiteRunner.java:437)
	at org.testng.SuiteRunner.privateRun(SuiteRunner.java:397)
	at org.testng.SuiteRunner.run(SuiteRunner.java:336)
	at org.testng.SuiteRunnerWorker.runSuite(SuiteRunnerWorker.java:52)
	at org.testng.SuiteRunnerWorker.run(SuiteRunnerWorker.java:95)
	at org.testng.TestNG.runSuitesSequentially(TestNG.java:1301)
	at org.testng.TestNG.runSuitesLocally(TestNG.java:1228)
	at org.testng.TestNG.runSuites(TestNG.java:1134)
	at org.testng.TestNG.run(TestNG.java:1101)
	at org.apache.maven.surefire.testng.TestNGExecutor.run(TestNGExecutor.java:155)
	at org.apache.maven.surefire.testng.TestNGDirectoryTestSuite.executeMulti(TestNGDirectoryTestSuite.java:169)
	at org.apache.maven.surefire.testng.TestNGDirectoryTestSuite.execute(TestNGDirectoryTestSuite.java:88)
	at org.apache.maven.surefire.testng.TestNGProvider.invoke(TestNGProvider.java:137)
	at org.apache.maven.surefire.booter.ForkedBooter.runSuitesInProcess(ForkedBooter.java:385)
	at org.apache.maven.surefire.booter.ForkedBooter.execute(ForkedBooter.java:162)
	at org.apache.maven.surefire.booter.ForkedBooter.run(ForkedBooter.java:507)
	at org.apache.maven.surefire.booter.ForkedBooter.main(ForkedBooter.java:495)
]]></failure>
  </testcase>
  <testcase name="requestloan" classname="Test.ParabankTest" time="1.25">
    <system-out><![CDATA[result is Congratulations, your loan has been approved.
request loan module working properly
]]></system-out>
  </testcase>
  <testcase name="logouttest" classname="Test.ParabankTest" time="2.413">
    <system-out><![CDATA[logout test passed sucessfully
]]></system-out>
  </testcase>
</testsuite>