<?xml version="1.0" encoding="UTF-8"?>
<!-- Generated by org.testng.reporters.JUnitReportReporter -->
<testsuite hostname="SHIVA" failures="0" tests="4" name="Test.RegisterTest" time="25.642" errors="0" timestamp="2026-03-23T14:28:09 IST" skipped="1">
  <testcase classname="Test.RegisterTest" name="registerTest" time="6.745"/>
  <testcase classname="Test.RegisterTest" name="openaccount" time="2.360"/>
  <testcase classname="Test.RegisterTest" name="verifyaccountsList" time="16.537"/>
  <testcase classname="Test.RegisterTest" name="loginTest">
    <skipped/>
  </testcase> <!-- loginTest -->
</testsuite> <!-- Test.RegisterTest -->
