<?xml version="1.0" encoding="UTF-8"?>
<!-- Generated by org.testng.reporters.JUnitReportReporter -->
<testsuite hostname="SHIVA" failures="0" tests="10" name="Test.RegisterTest" time="35.763" errors="0" timestamp="2026-03-31T10:27:42 IST" skipped="1">
  <testcase classname="Test.RegisterTest" name="registerTest" time="5.561"/>
  <testcase classname="Test.RegisterTest" name="openaccount" time="1.882"/>
  <testcase classname="Test.RegisterTest" name="verifyaccountsList" time="16.266"/>
  <testcase classname="Test.RegisterTest" name="transferfunds" time="1.666"/>
  <testcase classname="Test.RegisterTest" name="billpay" time="2.055"/>
  <testcase classname="Test.RegisterTest" name="findtransactions" time="5.039"/>
  <testcase classname="Test.RegisterTest" name="updateprofile" time="1.460"/>
  <testcase classname="Test.RegisterTest" name="requestloan" time="1.146"/>
  <testcase classname="Test.RegisterTest" name="logouttest" time="0.688"/>
  <testcase classname="Test.RegisterTest" name="loginTest">
    <skipped/>
  </testcase> <!-- loginTest -->
</testsuite> <!-- Test.RegisterTest -->
